     1                                  bits 32 ; assembling for the 32 bits architecture
     2                                  
     3                                  ; declare the EntryPoint (a label defining the very first instruction of the program)
     4                                  global start        
     5                                  
     6                                  ; declare external functions needed by our program
     7                                  extern exit               ; tell nasm that exit exists even if we won't be defining it
     8                                  import exit msvcrt.dll    ; exit is a function that ends the calling process. It is defined in msvcrt.dll
     9                                                            ; msvcrt.dll contains exit, printf and all the other important C-runtime specific functions
    10                                  
    11                                  ; our data is declared here (the variables needed by our program)
    12                                  segment data use32 class=data
    13 00000000 00                          a db 0
    14 00000001 00                          b db 0
    15 00000002 00                          c db 0
    16 00000003 00                          d db 0
    17                                  
    18                                  ; our code starts here
    19                                  segment code use32 class=code
    20                                      start:
    21 00000000 66B80D00                        mov AX,13
    22 00000004 B303                            mov BL,3
    23 00000006 F6F3                            div BL
    24                                          ; ...
    25                                      
    26                                          ; exit(0)
    27 00000008 6A00                            push    dword 0      ; push the parameter for exit onto the stack
    28 0000000A FF15[00000000]                  call    [exit]       ; call exit to terminate the program
